-------------------------------------------------------------------------------
Test set: com.payment_demo.runners.TestRunner
-------------------------------------------------------------------------------
Tests run: 5, Failures: 4, Errors: 0, Skipped: 0, Time elapsed: 4.453 s <<< FAILURE! - in com.payment_demo.runners.TestRunner
Basic Payment Flow with Validations.Process payment with various flow conditions #2  Time elapsed: 0.112 s  <<< FAILURE!
java.lang.AssertionError: Debtor account is not active
	at org.junit.Assert.fail(Assert.java:89)
	at com.payment_demo.stepDefination.stepDefination.thePaymentIsInitiated(stepDefination.java:66)
	at ✽.the payment is initiated(file:///C:/Users/arpit/Desktop/Desktop/payment_demo/payment_demo/src/test/java/com/payment_demo/features/payment.feature:17)

Basic Payment Flow with Validations.Process payment with various flow conditions #3  Time elapsed: 0.131 s  <<< FAILURE!
java.lang.AssertionError: Sanction check failed for John Doe
	at org.junit.Assert.fail(Assert.java:89)
	at com.payment_demo.stepDefination.stepDefination.performSanctionCheck(stepDefination.java:82)
	at ✽.perform sanction check(file:///C:/Users/arpit/Desktop/Desktop/payment_demo/payment_demo/src/test/java/com/payment_demo/features/payment.feature:18)

Basic Payment Flow with Validations.Process payment with various flow conditions #4  Time elapsed: 0.098 s  <<< FAILURE!
java.lang.AssertionError: Fraud detected for account: 1234567890
	at org.junit.Assert.fail(Assert.java:89)
	at com.payment_demo.stepDefination.stepDefination.performFraudCheck(stepDefination.java:98)
	at ✽.perform fraud check(file:///C:/Users/arpit/Desktop/Desktop/payment_demo/payment_demo/src/test/java/com/payment_demo/features/payment.feature:19)

Basic Payment Flow with Validations.Process payment with various flow conditions #5  Time elapsed: 0.211 s  <<< FAILURE!
java.lang.AssertionError: Insufficient funds
	at org.junit.Assert.fail(Assert.java:89)
	at com.payment_demo.stepDefination.stepDefination.performFundCheck(stepDefination.java:116)
	at ✽.perform fund check(file:///C:/Users/arpit/Desktop/Desktop/payment_demo/payment_demo/src/test/java/com/payment_demo/features/payment.feature:20)

