-------------------------------------------------------------------------------
Test set: com.payment_demo.runners.TestRunner
-------------------------------------------------------------------------------
Tests run: 6, Failures: 0, Errors: 6, Skipped: 0, Time elapsed: 2.903 s <<< FAILURE! - in com.payment_demo.runners.TestRunner
End-to-End Payment Processing Workflow.End-to-End Payment Processing #1  Time elapsed: 0.387 s  <<< ERROR!
io.cucumber.junit.UndefinedStepException: 
The step 'the debtor account is ""true""' and 11 other step(s) are undefined.
You can implement these steps using the snippet(s) below:

@Given("the debtor account is \"\"true\"\"")
public void the_debtor_account_is_true() {
    // Write code here that turns the phrase above into concrete actions
    throw new io.cucumber.java.PendingException();
}
@Given("the debtor account balance is \"\"{double}\"\"")
public void the_debtor_account_balance_is(Double double1) {
    // Write code here that turns the phrase above into concrete actions
    throw new io.cucumber.java.PendingException();
}
@Given("the creditor name is \"\"Rahul\"\"")
public void the_creditor_name_is_rahul() {
    // Write code here that turns the phrase above into concrete actions
    throw new io.cucumber.java.PendingException();
}
@Given("the creditor account number is \"\"{int}\"\"")
public void the_creditor_account_number_is(Integer int1) {
    // Write code here that turns the phrase above into concrete actions
    throw new io.cucumber.java.PendingException();
}
@Given("the amount is \"\"{double}\"\"")
public void the_amount_is(Double double1) {
    // Write code here that turns the phrase above into concrete actions
    throw new io.cucumber.java.PendingException();
}
@Given("the clearing house name is \"\"RTGS\"\"")
public void the_clearing_house_name_is_rtgs() {
    // Write code here that turns the phrase above into concrete actions
    throw new io.cucumber.java.PendingException();
}
@Given("the clearing house status is \"\"ACTIVE\"\"")
public void the_clearing_house_status_is_active() {
    // Write code here that turns the phrase above into concrete actions
    throw new io.cucumber.java.PendingException();
}
@Then("check qualification status for debtor account \"\"true\"\" with clearing house \"\"RTGS\"\", amount \"\"{double}\"\", creditor name \"\"Rahul\"\", creditor account number \"\"{int}\"\"")
public void check_qualification_status_for_debtor_account_true_with_clearing_house_rtgs_amount_creditor_name_rahul_creditor_account_number(Double double1, Integer int1) {
    // Write code here that turns the phrase above into concrete actions
    throw new io.cucumber.java.PendingException();
}
@Then("sanction check for creditor \"\"Rahul\"\"")
public void sanction_check_for_creditor_rahul() {
    // Write code here that turns the phrase above into concrete actions
    throw new io.cucumber.java.PendingException();
}
@Then("fraud check for creditor account number \"\"{int}\"\"")
public void fraud_check_for_creditor_account_number(Integer int1) {
    // Write code here that turns the phrase above into concrete actions
    throw new io.cucumber.java.PendingException();
}
@Then("funds are available in debtor account \"\"{int}\"\"")
public void funds_are_available_in_debtor_account(Integer int1) {
    // Write code here that turns the phrase above into concrete actions
    throw new io.cucumber.java.PendingException();
}
@Then("clearing house check for \"\"RTGS\"\" with status \"\"ACTIVE\"\"")
public void clearing_house_check_for_rtgs_with_status_active() {
    // Write code here that turns the phrase above into concrete actions
    throw new io.cucumber.java.PendingException();
}


End-to-End Payment Processing Workflow.End-to-End Payment Processing #2  Time elapsed: 0.081 s  <<< ERROR!
io.cucumber.junit.UndefinedStepException: 
The step 'the debtor account is ""true""' and 11 other step(s) are undefined.
You can implement these steps using the snippet(s) below:

@Given("the debtor account is \"\"true\"\"")
public void the_debtor_account_is_true() {
    // Write code here that turns the phrase above into concrete actions
    throw new io.cucumber.java.PendingException();
}
@Given("the debtor account balance is \"\"{double}\"\"")
public void the_debtor_account_balance_is(Double double1) {
    // Write code here that turns the phrase above into concrete actions
    throw new io.cucumber.java.PendingException();
}
@Given("the creditor name is \"\"Arpit\"\"")
public void the_creditor_name_is_arpit() {
    // Write code here that turns the phrase above into concrete actions
    throw new io.cucumber.java.PendingException();
}
@Given("the creditor account number is \"\"{int}\"\"")
public void the_creditor_account_number_is(Integer int1) {
    // Write code here that turns the phrase above into concrete actions
    throw new io.cucumber.java.PendingException();
}
@Given("the amount is \"\"{double}\"\"")
public void the_amount_is(Double double1) {
    // Write code here that turns the phrase above into concrete actions
    throw new io.cucumber.java.PendingException();
}
@Given("the clearing house name is \"\"NEFT\"\"")
public void the_clearing_house_name_is_neft() {
    // Write code here that turns the phrase above into concrete actions
    throw new io.cucumber.java.PendingException();
}
@Given("the clearing house status is \"\"ACTIVE\"\"")
public void the_clearing_house_status_is_active() {
    // Write code here that turns the phrase above into concrete actions
    throw new io.cucumber.java.PendingException();
}
@Then("check qualification status for debtor account \"\"true\"\" with clearing house \"\"NEFT\"\", amount \"\"{double}\"\", creditor name \"\"Arpit\"\", creditor account number \"\"{int}\"\"")
public void check_qualification_status_for_debtor_account_true_with_clearing_house_neft_amount_creditor_name_arpit_creditor_account_number(Double double1, Integer int1) {
    // Write code here that turns the phrase above into concrete actions
    throw new io.cucumber.java.PendingException();
}
@Then("sanction check for creditor \"\"Arpit\"\"")
public void sanction_check_for_creditor_arpit() {
    // Write code here that turns the phrase above into concrete actions
    throw new io.cucumber.java.PendingException();
}
@Then("fraud check for creditor account number \"\"{int}\"\"")
public void fraud_check_for_creditor_account_number(Integer int1) {
    // Write code here that turns the phrase above into concrete actions
    throw new io.cucumber.java.PendingException();
}
@Then("funds are available in debtor account \"\"{int}\"\"")
public void funds_are_available_in_debtor_account(Integer int1) {
    // Write code here that turns the phrase above into concrete actions
    throw new io.cucumber.java.PendingException();
}
@Then("clearing house check for \"\"NEFT\"\" with status \"\"ACTIVE\"\"")
public void clearing_house_check_for_neft_with_status_active() {
    // Write code here that turns the phrase above into concrete actions
    throw new io.cucumber.java.PendingException();
}


End-to-End Payment Processing Workflow.End-to-End Payment Processing #3  Time elapsed: 0.151 s  <<< ERROR!
io.cucumber.junit.UndefinedStepException: 
The step 'the debtor account is ""true""' and 11 other step(s) are undefined.
You can implement these steps using the snippet(s) below:

@Given("the debtor account is \"\"true\"\"")
public void the_debtor_account_is_true() {
    // Write code here that turns the phrase above into concrete actions
    throw new io.cucumber.java.PendingException();
}
@Given("the debtor account balance is \"\"{double}\"\"")
public void the_debtor_account_balance_is(Double double1) {
    // Write code here that turns the phrase above into concrete actions
    throw new io.cucumber.java.PendingException();
}
@Given("the creditor name is \"\"Aman\"\"")
public void the_creditor_name_is_aman() {
    // Write code here that turns the phrase above into concrete actions
    throw new io.cucumber.java.PendingException();
}
@Given("the creditor account number is \"\"{int}\"\"")
public void the_creditor_account_number_is(Integer int1) {
    // Write code here that turns the phrase above into concrete actions
    throw new io.cucumber.java.PendingException();
}
@Given("the amount is \"\"{double}\"\"")
public void the_amount_is(Double double1) {
    // Write code here that turns the phrase above into concrete actions
    throw new io.cucumber.java.PendingException();
}
@Given("the clearing house name is \"\"RTGS\"\"")
public void the_clearing_house_name_is_rtgs() {
    // Write code here that turns the phrase above into concrete actions
    throw new io.cucumber.java.PendingException();
}
@Given("the clearing house status is \"\"ACTIVE\"\"")
public void the_clearing_house_status_is_active() {
    // Write code here that turns the phrase above into concrete actions
    throw new io.cucumber.java.PendingException();
}
@Then("check qualification status for debtor account \"\"true\"\" with clearing house \"\"RTGS\"\", amount \"\"{double}\"\", creditor name \"\"Aman\"\", creditor account number \"\"{int}\"\"")
public void check_qualification_status_for_debtor_account_true_with_clearing_house_rtgs_amount_creditor_name_aman_creditor_account_number(Double double1, Integer int1) {
    // Write code here that turns the phrase above into concrete actions
    throw new io.cucumber.java.PendingException();
}
@Then("sanction check for creditor \"\"Aman\"\"")
public void sanction_check_for_creditor_aman() {
    // Write code here that turns the phrase above into concrete actions
    throw new io.cucumber.java.PendingException();
}
@Then("fraud check for creditor account number \"\"{int}\"\"")
public void fraud_check_for_creditor_account_number(Integer int1) {
    // Write code here that turns the phrase above into concrete actions
    throw new io.cucumber.java.PendingException();
}
@Then("funds are available in debtor account \"\"{int}\"\"")
public void funds_are_available_in_debtor_account(Integer int1) {
    // Write code here that turns the phrase above into concrete actions
    throw new io.cucumber.java.PendingException();
}
@Then("clearing house check for \"\"RTGS\"\" with status \"\"ACTIVE\"\"")
public void clearing_house_check_for_rtgs_with_status_active() {
    // Write code here that turns the phrase above into concrete actions
    throw new io.cucumber.java.PendingException();
}


End-to-End Payment Processing Workflow.End-to-End Payment Processing #4  Time elapsed: 0.098 s  <<< ERROR!
io.cucumber.junit.UndefinedStepException: 
The step 'the debtor account is ""true""' and 11 other step(s) are undefined.
You can implement these steps using the snippet(s) below:

@Given("the debtor account is \"\"true\"\"")
public void the_debtor_account_is_true() {
    // Write code here that turns the phrase above into concrete actions
    throw new io.cucumber.java.PendingException();
}
@Given("the debtor account balance is \"\"{double}\"\"")
public void the_debtor_account_balance_is(Double double1) {
    // Write code here that turns the phrase above into concrete actions
    throw new io.cucumber.java.PendingException();
}
@Given("the creditor name is \"\"Rohit\"\"")
public void the_creditor_name_is_rohit() {
    // Write code here that turns the phrase above into concrete actions
    throw new io.cucumber.java.PendingException();
}
@Given("the creditor account number is \"\"{int}\"\"")
public void the_creditor_account_number_is(Integer int1) {
    // Write code here that turns the phrase above into concrete actions
    throw new io.cucumber.java.PendingException();
}
@Given("the amount is \"\"{double}\"\"")
public void the_amount_is(Double double1) {
    // Write code here that turns the phrase above into concrete actions
    throw new io.cucumber.java.PendingException();
}
@Given("the clearing house name is \"\"IMPS\"\"")
public void the_clearing_house_name_is_imps() {
    // Write code here that turns the phrase above into concrete actions
    throw new io.cucumber.java.PendingException();
}
@Given("the clearing house status is \"\"ACTIVE\"\"")
public void the_clearing_house_status_is_active() {
    // Write code here that turns the phrase above into concrete actions
    throw new io.cucumber.java.PendingException();
}
@Then("check qualification status for debtor account \"\"true\"\" with clearing house \"\"IMPS\"\", amount \"\"{double}\"\", creditor name \"\"Rohit\"\", creditor account number \"\"{int}\"\"")
public void check_qualification_status_for_debtor_account_true_with_clearing_house_imps_amount_creditor_name_rohit_creditor_account_number(Double double1, Integer int1) {
    // Write code here that turns the phrase above into concrete actions
    throw new io.cucumber.java.PendingException();
}
@Then("sanction check for creditor \"\"Rohit\"\"")
public void sanction_check_for_creditor_rohit() {
    // Write code here that turns the phrase above into concrete actions
    throw new io.cucumber.java.PendingException();
}
@Then("fraud check for creditor account number \"\"{int}\"\"")
public void fraud_check_for_creditor_account_number(Integer int1) {
    // Write code here that turns the phrase above into concrete actions
    throw new io.cucumber.java.PendingException();
}
@Then("funds are available in debtor account \"\"{int}\"\"")
public void funds_are_available_in_debtor_account(Integer int1) {
    // Write code here that turns the phrase above into concrete actions
    throw new io.cucumber.java.PendingException();
}
@Then("clearing house check for \"\"IMPS\"\" with status \"\"ACTIVE\"\"")
public void clearing_house_check_for_imps_with_status_active() {
    // Write code here that turns the phrase above into concrete actions
    throw new io.cucumber.java.PendingException();
}


End-to-End Payment Processing Workflow.End-to-End Payment Processing #5  Time elapsed: 0.062 s  <<< ERROR!
io.cucumber.junit.UndefinedStepException: 
The step 'the debtor account is ""false""' and 11 other step(s) are undefined.
You can implement these steps using the snippet(s) below:

@Given("the debtor account is \"\"false\"\"")
public void the_debtor_account_is_false() {
    // Write code here that turns the phrase above into concrete actions
    throw new io.cucumber.java.PendingException();
}
@Given("the debtor account balance is \"\"{double}\"\"")
public void the_debtor_account_balance_is(Double double1) {
    // Write code here that turns the phrase above into concrete actions
    throw new io.cucumber.java.PendingException();
}
@Given("the creditor name is \"\"Dev\"\"")
public void the_creditor_name_is_dev() {
    // Write code here that turns the phrase above into concrete actions
    throw new io.cucumber.java.PendingException();
}
@Given("the creditor account number is \"\"{int}\"\"")
public void the_creditor_account_number_is(Integer int1) {
    // Write code here that turns the phrase above into concrete actions
    throw new io.cucumber.java.PendingException();
}
@Given("the amount is \"\"{double}\"\"")
public void the_amount_is(Double double1) {
    // Write code here that turns the phrase above into concrete actions
    throw new io.cucumber.java.PendingException();
}
@Given("the clearing house name is \"\"NEFT\"\"")
public void the_clearing_house_name_is_neft() {
    // Write code here that turns the phrase above into concrete actions
    throw new io.cucumber.java.PendingException();
}
@Given("the clearing house status is \"\"INACTIVE\"\"")
public void the_clearing_house_status_is_inactive() {
    // Write code here that turns the phrase above into concrete actions
    throw new io.cucumber.java.PendingException();
}
@Then("check qualification status for debtor account \"\"false\"\" with clearing house \"\"NEFT\"\", amount \"\"{double}\"\", creditor name \"\"Dev\"\", creditor account number \"\"{int}\"\"")
public void check_qualification_status_for_debtor_account_false_with_clearing_house_neft_amount_creditor_name_dev_creditor_account_number(Double double1, Integer int1) {
    // Write code here that turns the phrase above into concrete actions
    throw new io.cucumber.java.PendingException();
}
@Then("sanction check for creditor \"\"Dev\"\"")
public void sanction_check_for_creditor_dev() {
    // Write code here that turns the phrase above into concrete actions
    throw new io.cucumber.java.PendingException();
}
@Then("fraud check for creditor account number \"\"{int}\"\"")
public void fraud_check_for_creditor_account_number(Integer int1) {
    // Write code here that turns the phrase above into concrete actions
    throw new io.cucumber.java.PendingException();
}
@Then("funds are available in debtor account \"\"{int}\"\"")
public void funds_are_available_in_debtor_account(Integer int1) {
    // Write code here that turns the phrase above into concrete actions
    throw new io.cucumber.java.PendingException();
}
@Then("clearing house check for \"\"NEFT\"\" with status \"\"INACTIVE\"\"")
public void clearing_house_check_for_neft_with_status_inactive() {
    // Write code here that turns the phrase above into concrete actions
    throw new io.cucumber.java.PendingException();
}


End-to-End Payment Processing Workflow.End-to-End Payment Processing #6  Time elapsed: 0.05 s  <<< ERROR!
io.cucumber.junit.UndefinedStepException: 
The step 'the debtor account is ""true""' and 11 other step(s) are undefined.
You can implement these steps using the snippet(s) below:

@Given("the debtor account is \"\"true\"\"")
public void the_debtor_account_is_true() {
    // Write code here that turns the phrase above into concrete actions
    throw new io.cucumber.java.PendingException();
}
@Given("the debtor account balance is \"\"{double}\"\"")
public void the_debtor_account_balance_is(Double double1) {
    // Write code here that turns the phrase above into concrete actions
    throw new io.cucumber.java.PendingException();
}
@Given("the creditor name is \"\"Suresh\"\"")
public void the_creditor_name_is_suresh() {
    // Write code here that turns the phrase above into concrete actions
    throw new io.cucumber.java.PendingException();
}
@Given("the creditor account number is \"\"{int}\"\"")
public void the_creditor_account_number_is(Integer int1) {
    // Write code here that turns the phrase above into concrete actions
    throw new io.cucumber.java.PendingException();
}
@Given("the amount is \"\"{double}\"\"")
public void the_amount_is(Double double1) {
    // Write code here that turns the phrase above into concrete actions
    throw new io.cucumber.java.PendingException();
}
@Given("the clearing house name is \"\"RTGS\"\"")
public void the_clearing_house_name_is_rtgs() {
    // Write code here that turns the phrase above into concrete actions
    throw new io.cucumber.java.PendingException();
}
@Given("the clearing house status is \"\"INACTIVE\"\"")
public void the_clearing_house_status_is_inactive() {
    // Write code here that turns the phrase above into concrete actions
    throw new io.cucumber.java.PendingException();
}
@Then("check qualification status for debtor account \"\"true\"\" with clearing house \"\"RTGS\"\", amount \"\"{double}\"\", creditor name \"\"Suresh\"\", creditor account number \"\"{int}\"\"")
public void check_qualification_status_for_debtor_account_true_with_clearing_house_rtgs_amount_creditor_name_suresh_creditor_account_number(Double double1, Integer int1) {
    // Write code here that turns the phrase above into concrete actions
    throw new io.cucumber.java.PendingException();
}
@Then("sanction check for creditor \"\"Suresh\"\"")
public void sanction_check_for_creditor_suresh() {
    // Write code here that turns the phrase above into concrete actions
    throw new io.cucumber.java.PendingException();
}
@Then("fraud check for creditor account number \"\"{int}\"\"")
public void fraud_check_for_creditor_account_number(Integer int1) {
    // Write code here that turns the phrase above into concrete actions
    throw new io.cucumber.java.PendingException();
}
@Then("funds are available in debtor account \"\"{int}\"\"")
public void funds_are_available_in_debtor_account(Integer int1) {
    // Write code here that turns the phrase above into concrete actions
    throw new io.cucumber.java.PendingException();
}
@Then("clearing house check for \"\"RTGS\"\" with status \"\"INACTIVE\"\"")
public void clearing_house_check_for_rtgs_with_status_inactive() {
    // Write code here that turns the phrase above into concrete actions
    throw new io.cucumber.java.PendingException();
}


