<?xml version="1.0" encoding="UTF-8"?>
<testsuite xmlns:xsi="http://www.w3.org/2001/XMLSchema-instance" xsi:noNamespaceSchemaLocation="https://maven.apache.org/surefire/maven-surefire-plugin/xsd/surefire-test-report-3.0.xsd" version="3.0" name="com.payment_demo.runners.TestRunner" time="2.903" tests="6" errors="6" skipped="0" failures="0">
  <properties>
[...]
</properties>
  <testcase name="End-to-End Payment Processing #1" classname="End-to-End Payment Processing Workflow" time="0.387">
    <error message="The step &apos;the debtor account is &quot;&quot;true&quot;&quot;&apos; and 11 other step(s) are undefined.&#10;You can implement these steps using the snippet(s) below:&#10;&#10;@Given(&quot;the debtor account is \&quot;\&quot;true\&quot;\&quot;&quot;)&#10;public void the_debtor_account_is_true() {&#10;    // Write code here that turns the phrase above into concrete actions&#10;    throw new io.cucumber.java.PendingException();&#10;}&#10;@Given(&quot;the debtor account balance is \&quot;\&quot;{double}\&quot;\&quot;&quot;)&#10;public void the_debtor_account_balance_is(Double double1) {&#10;    // Write code here that turns the phrase above into concrete actions&#10;    throw new io.cucumber.java.PendingException();&#10;}&#10;@Given(&quot;the creditor name is \&quot;\&quot;Rahul\&quot;\&quot;&quot;)&#10;public void the_creditor_name_is_rahul() {&#10;    // Write code here that turns the phrase above into concrete actions&#10;    throw new io.cucumber.java.PendingException();&#10;}&#10;@Given(&quot;the creditor account number is \&quot;\&quot;{int}\&quot;\&quot;&quot;)&#10;public void the_creditor_account_number_is(Integer int1) {&#10;    // Write code here that turns the phrase above into concrete actions&#10;    throw new io.cucumber.java.PendingException();&#10;}&#10;@Given(&quot;the amount is \&quot;\&quot;{double}\&quot;\&quot;&quot;)&#10;public void the_amount_is(Double double1) {&#10;    // Write code here that turns the phrase above into concrete actions&#10;    throw new io.cucumber.java.PendingException();&#10;}&#10;@Given(&quot;the clearing house name is \&quot;\&quot;RTGS\&quot;\&quot;&quot;)&#10;public void the_clearing_house_name_is_rtgs() {&#10;    // Write code here that turns the phrase above into concrete actions&#10;    throw new io.cucumber.java.PendingException();&#10;}&#10;@Given(&quot;the clearing house status is \&quot;\&quot;ACTIVE\&quot;\&quot;&quot;)&#10;public void the_clearing_house_status_is_active() {&#10;    // Write code here that turns the phrase above into concrete actions&#10;    throw new io.cucumber.java.PendingException();&#10;}&#10;@Then(&quot;check qualification status for debtor account \&quot;\&quot;true\&quot;\&quot; with clearing house \&quot;\&quot;RTGS\&quot;\&quot;, amount \&quot;\&quot;{double}\&quot;\&quot;, creditor name \&quot;\&quot;Rahul\&quot;\&quot;, creditor account number \&quot;\&quot;{int}\&quot;\&quot;&quot;)&#10;public void check_qualification_status_for_debtor_account_true_with_clearing_house_rtgs_amount_creditor_name_rahul_creditor_account_number(Double double1, Integer int1) {&#10;    // Write code here that turns the phrase above into concrete actions&#10;    throw new io.cucumber.java.PendingException();&#10;}&#10;@Then(&quot;sanction check for creditor \&quot;\&quot;Rahul\&quot;\&quot;&quot;)&#10;public void sanction_check_for_creditor_rahul() {&#10;    // Write code here that turns the phrase above into concrete actions&#10;    throw new io.cucumber.java.PendingException();&#10;}&#10;@Then(&quot;fraud check for creditor account number \&quot;\&quot;{int}\&quot;\&quot;&quot;)&#10;public void fraud_check_for_creditor_account_number(Integer int1) {&#10;    // Write code here that turns the phrase above into concrete actions&#10;    throw new io.cucumber.java.PendingException();&#10;}&#10;@Then(&quot;funds are available in debtor account \&quot;\&quot;{int}\&quot;\&quot;&quot;)&#10;public void funds_are_available_in_debtor_account(Integer int1) {&#10;    // Write code here that turns the phrase above into concrete actions&#10;    throw new io.cucumber.java.PendingException();&#10;}&#10;@Then(&quot;clearing house check for \&quot;\&quot;RTGS\&quot;\&quot; with status \&quot;\&quot;ACTIVE\&quot;\&quot;&quot;)&#10;public void clearing_house_check_for_rtgs_with_status_active() {&#10;    // Write code here that turns the phrase above into concrete actions&#10;    throw new io.cucumber.java.PendingException();&#10;}&#10;" type="io.cucumber.junit.UndefinedStepException"><![CDATA[io.cucumber.junit.UndefinedStepException: 
The step 'the debtor account is ""true""' and 11 other step(s) are undefined.
You can implement these steps using the snippet(s) below:

@Given("the debtor account is \"\"true\"\"")
public void the_debtor_account_is_true() {
    // Write code here that turns the phrase above into concrete actions
    throw new io.cucumber.java.PendingException();
}
@Given("the debtor account balance is \"\"{double}\"\"")
public void the_debtor_account_balance_is(Double double1) {
    // Write code here that turns the phrase above into concrete actions
    throw new io.cucumber.java.PendingException();
}
@Given("the creditor name is \"\"Rahul\"\"")
public void the_creditor_name_is_rahul() {
    // Write code here that turns the phrase above into concrete actions
    throw new io.cucumber.java.PendingException();
}
@Given("the creditor account number is \"\"{int}\"\"")
public void the_creditor_account_number_is(Integer int1) {
    // Write code here that turns the phrase above into concrete actions
    throw new io.cucumber.java.PendingException();
}
@Given("the amount is \"\"{double}\"\"")
public void the_amount_is(Double double1) {
    // Write code here that turns the phrase above into concrete actions
    throw new io.cucumber.java.PendingException();
}
@Given("the clearing house name is \"\"RTGS\"\"")
public void the_clearing_house_name_is_rtgs() {
    // Write code here that turns the phrase above into concrete actions
    throw new io.cucumber.java.PendingException();
}
@Given("the clearing house status is \"\"ACTIVE\"\"")
public void the_clearing_house_status_is_active() {
    // Write code here that turns the phrase above into concrete actions
    throw new io.cucumber.java.PendingException();
}
@Then("check qualification status for debtor account \"\"true\"\" with clearing house \"\"RTGS\"\", amount \"\"{double}\"\", creditor name \"\"Rahul\"\", creditor account number \"\"{int}\"\"")
public void check_qualification_status_for_debtor_account_true_with_clearing_house_rtgs_amount_creditor_name_rahul_creditor_account_number(Double double1, Integer int1) {
    // Write code here that turns the phrase above into concrete actions
    throw new io.cucumber.java.PendingException();
}
@Then("sanction check for creditor \"\"Rahul\"\"")
public void sanction_check_for_creditor_rahul() {
    // Write code here that turns the phrase above into concrete actions
    throw new io.cucumber.java.PendingException();
}
@Then("fraud check for creditor account number \"\"{int}\"\"")
public void fraud_check_for_creditor_account_number(Integer int1) {
    // Write code here that turns the phrase above into concrete actions
    throw new io.cucumber.java.PendingException();
}
@Then("funds are available in debtor account \"\"{int}\"\"")
public void funds_are_available_in_debtor_account(Integer int1) {
    // Write code here that turns the phrase above into concrete actions
    throw new io.cucumber.java.PendingException();
}
@Then("clearing house check for \"\"RTGS\"\" with status \"\"ACTIVE\"\"")
public void clearing_house_check_for_rtgs_with_status_active() {
    // Write code here that turns the phrase above into concrete actions
    throw new io.cucumber.java.PendingException();
}

]]></error>
    <system-out><![CDATA[
Scenario Outline: End-to-End Payment Processing                                                                                                                                 # src/test/java/com/payment_demo/features/payment.feature:30
  Given the sanction list is:                                                                                                                                                   # com.payment_demo.stepDefination.stepDefination.sanctionListIs(io.cucumber.datatable.DataTable)
    | Arpit       |
    | Blacklisted |
    | Terror Org  |
  And the fraud list is:                                                                                                                                                        # com.payment_demo.stepDefination.stepDefination.fraudListIs(io.cucumber.datatable.DataTable)
    | 1234567890 |
    | 9999999999 |
  Given the debtor account is ""true""
  And the debtor account balance is ""5000.00""
  And the creditor name is ""Rahul""
  And the creditor account number is ""1231231234""
  And the amount is ""1000.00""
  And the clearing house name is ""RTGS""
  And the clearing house status is ""ACTIVE""
  When the payment is initiated                                                                                                                                                 # com.payment_demo.stepDefination.stepDefination.paymentIsInitiated()
  Then check qualification status for debtor account ""true"" with clearing house ""RTGS"", amount ""1000.00"", creditor name ""Rahul"", creditor account number ""1231231234""
  Then sanction check for creditor ""Rahul""
  Then fraud check for creditor account number ""1231231234""
  Then funds are available in debtor account ""9876543210""
  Then clearing house check for ""RTGS"" with status ""ACTIVE""
  Then transaction status should be evaluated                                                                                                                                   # com.payment_demo.stepDefination.stepDefination.transactionStatus()
]]></system-out>
  </testcase>
  <testcase name="End-to-End Payment Processing #2" classname="End-to-End Payment Processing Workflow" time="0.081">
    <error message="The step &apos;the debtor account is &quot;&quot;true&quot;&quot;&apos; and 11 other step(s) are undefined.&#10;You can implement these steps using the snippet(s) below:&#10;&#10;@Given(&quot;the debtor account is \&quot;\&quot;true\&quot;\&quot;&quot;)&#10;public void the_debtor_account_is_true() {&#10;    // Write code here that turns the phrase above into concrete actions&#10;    throw new io.cucumber.java.PendingException();&#10;}&#10;@Given(&quot;the debtor account balance is \&quot;\&quot;{double}\&quot;\&quot;&quot;)&#10;public void the_debtor_account_balance_is(Double double1) {&#10;    // Write code here that turns the phrase above into concrete actions&#10;    throw new io.cucumber.java.PendingException();&#10;}&#10;@Given(&quot;the creditor name is \&quot;\&quot;Arpit\&quot;\&quot;&quot;)&#10;public void the_creditor_name_is_arpit() {&#10;    // Write code here that turns the phrase above into concrete actions&#10;    throw new io.cucumber.java.PendingException();&#10;}&#10;@Given(&quot;the creditor account number is \&quot;\&quot;{int}\&quot;\&quot;&quot;)&#10;public void the_creditor_account_number_is(Integer int1) {&#10;    // Write code here that turns the phrase above into concrete actions&#10;    throw new io.cucumber.java.PendingException();&#10;}&#10;@Given(&quot;the amount is \&quot;\&quot;{double}\&quot;\&quot;&quot;)&#10;public void the_amount_is(Double double1) {&#10;    // Write code here that turns the phrase above into concrete actions&#10;    throw new io.cucumber.java.PendingException();&#10;}&#10;@Given(&quot;the clearing house name is \&quot;\&quot;NEFT\&quot;\&quot;&quot;)&#10;public void the_clearing_house_name_is_neft() {&#10;    // Write code here that turns the phrase above into concrete actions&#10;    throw new io.cucumber.java.PendingException();&#10;}&#10;@Given(&quot;the clearing house status is \&quot;\&quot;ACTIVE\&quot;\&quot;&quot;)&#10;public void the_clearing_house_status_is_active() {&#10;    // Write code here that turns the phrase above into concrete actions&#10;    throw new io.cucumber.java.PendingException();&#10;}&#10;@Then(&quot;check qualification status for debtor account \&quot;\&quot;true\&quot;\&quot; with clearing house \&quot;\&quot;NEFT\&quot;\&quot;, amount \&quot;\&quot;{double}\&quot;\&quot;, creditor name \&quot;\&quot;Arpit\&quot;\&quot;, creditor account number \&quot;\&quot;{int}\&quot;\&quot;&quot;)&#10;public void check_qualification_status_for_debtor_account_true_with_clearing_house_neft_amount_creditor_name_arpit_creditor_account_number(Double double1, Integer int1) {&#10;    // Write code here that turns the phrase above into concrete actions&#10;    throw new io.cucumber.java.PendingException();&#10;}&#10;@Then(&quot;sanction check for creditor \&quot;\&quot;Arpit\&quot;\&quot;&quot;)&#10;public void sanction_check_for_creditor_arpit() {&#10;    // Write code here that turns the phrase above into concrete actions&#10;    throw new io.cucumber.java.PendingException();&#10;}&#10;@Then(&quot;fraud check for creditor account number \&quot;\&quot;{int}\&quot;\&quot;&quot;)&#10;public void fraud_check_for_creditor_account_number(Integer int1) {&#10;    // Write code here that turns the phrase above into concrete actions&#10;    throw new io.cucumber.java.PendingException();&#10;}&#10;@Then(&quot;funds are available in debtor account \&quot;\&quot;{int}\&quot;\&quot;&quot;)&#10;public void funds_are_available_in_debtor_account(Integer int1) {&#10;    // Write code here that turns the phrase above into concrete actions&#10;    throw new io.cucumber.java.PendingException();&#10;}&#10;@Then(&quot;clearing house check for \&quot;\&quot;NEFT\&quot;\&quot; with status \&quot;\&quot;ACTIVE\&quot;\&quot;&quot;)&#10;public void clearing_house_check_for_neft_with_status_active() {&#10;    // Write code here that turns the phrase above into concrete actions&#10;    throw new io.cucumber.java.PendingException();&#10;}&#10;" type="io.cucumber.junit.UndefinedStepException"><![CDATA[io.cucumber.junit.UndefinedStepException: 
The step 'the debtor account is ""true""' and 11 other step(s) are undefined.
You can implement these steps using the snippet(s) below:

@Given("the debtor account is \"\"true\"\"")
public void the_debtor_account_is_true() {
    // Write code here that turns the phrase above into concrete actions
    throw new io.cucumber.java.PendingException();
}
@Given("the debtor account balance is \"\"{double}\"\"")
public void the_debtor_account_balance_is(Double double1) {
    // Write code here that turns the phrase above into concrete actions
    throw new io.cucumber.java.PendingException();
}
@Given("the creditor name is \"\"Arpit\"\"")
public void the_creditor_name_is_arpit() {
    // Write code here that turns the phrase above into concrete actions
    throw new io.cucumber.java.PendingException();
}
@Given("the creditor account number is \"\"{int}\"\"")
public void the_creditor_account_number_is(Integer int1) {
    // Write code here that turns the phrase above into concrete actions
    throw new io.cucumber.java.PendingException();
}
@Given("the amount is \"\"{double}\"\"")
public void the_amount_is(Double double1) {
    // Write code here that turns the phrase above into concrete actions
    throw new io.cucumber.java.PendingException();
}
@Given("the clearing house name is \"\"NEFT\"\"")
public void the_clearing_house_name_is_neft() {
    // Write code here that turns the phrase above into concrete actions
    throw new io.cucumber.java.PendingException();
}
@Given("the clearing house status is \"\"ACTIVE\"\"")
public void the_clearing_house_status_is_active() {
    // Write code here that turns the phrase above into concrete actions
    throw new io.cucumber.java.PendingException();
}
@Then("check qualification status for debtor account \"\"true\"\" with clearing house \"\"NEFT\"\", amount \"\"{double}\"\", creditor name \"\"Arpit\"\", creditor account number \"\"{int}\"\"")
public void check_qualification_status_for_debtor_account_true_with_clearing_house_neft_amount_creditor_name_arpit_creditor_account_number(Double double1, Integer int1) {
    // Write code here that turns the phrase above into concrete actions
    throw new io.cucumber.java.PendingException();
}
@Then("sanction check for creditor \"\"Arpit\"\"")
public void sanction_check_for_creditor_arpit() {
    // Write code here that turns the phrase above into concrete actions
    throw new io.cucumber.java.PendingException();
}
@Then("fraud check for creditor account number \"\"{int}\"\"")
public void fraud_check_for_creditor_account_number(Integer int1) {
    // Write code here that turns the phrase above into concrete actions
    throw new io.cucumber.java.PendingException();
}
@Then("funds are available in debtor account \"\"{int}\"\"")
public void funds_are_available_in_debtor_account(Integer int1) {
    // Write code here that turns the phrase above into concrete actions
    throw new io.cucumber.java.PendingException();
}
@Then("clearing house check for \"\"NEFT\"\" with status \"\"ACTIVE\"\"")
public void clearing_house_check_for_neft_with_status_active() {
    // Write code here that turns the phrase above into concrete actions
    throw new io.cucumber.java.PendingException();
}

]]></error>
    <system-out><![CDATA[
Scenario Outline: End-to-End Payment Processing                                                                                                                                 # src/test/java/com/payment_demo/features/payment.feature:31
  Given the sanction list is:                                                                                                                                                   # com.payment_demo.stepDefination.stepDefination.sanctionListIs(io.cucumber.datatable.DataTable)
    | Arpit       |
    | Blacklisted |
    | Terror Org  |
  And the fraud list is:                                                                                                                                                        # com.payment_demo.stepDefination.stepDefination.fraudListIs(io.cucumber.datatable.DataTable)
    | 1234567890 |
    | 9999999999 |
  Given the debtor account is ""true""
  And the debtor account balance is ""6000.00""
  And the creditor name is ""Arpit""
  And the creditor account number is ""1234567891""
  And the amount is ""1000.00""
  And the clearing house name is ""NEFT""
  And the clearing house status is ""ACTIVE""
  When the payment is initiated                                                                                                                                                 # com.payment_demo.stepDefination.stepDefination.paymentIsInitiated()
  Then check qualification status for debtor account ""true"" with clearing house ""NEFT"", amount ""1000.00"", creditor name ""Arpit"", creditor account number ""1234567891""
  Then sanction check for creditor ""Arpit""
  Then fraud check for creditor account number ""1234567891""
  Then funds are available in debtor account ""9876543210""
  Then clearing house check for ""NEFT"" with status ""ACTIVE""
  Then transaction status should be evaluated                                                                                                                                   # com.payment_demo.stepDefination.stepDefination.transactionStatus()
]]></system-out>
  </testcase>
  <testcase name="End-to-End Payment Processing #3" classname="End-to-End Payment Processing Workflow" time="0.151">
    <error message="The step &apos;the debtor account is &quot;&quot;true&quot;&quot;&apos; and 11 other step(s) are undefined.&#10;You can implement these steps using the snippet(s) below:&#10;&#10;@Given(&quot;the debtor account is \&quot;\&quot;true\&quot;\&quot;&quot;)&#10;public void the_debtor_account_is_true() {&#10;    // Write code here that turns the phrase above into concrete actions&#10;    throw new io.cucumber.java.PendingException();&#10;}&#10;@Given(&quot;the debtor account balance is \&quot;\&quot;{double}\&quot;\&quot;&quot;)&#10;public void the_debtor_account_balance_is(Double double1) {&#10;    // Write code here that turns the phrase above into concrete actions&#10;    throw new io.cucumber.java.PendingException();&#10;}&#10;@Given(&quot;the creditor name is \&quot;\&quot;Aman\&quot;\&quot;&quot;)&#10;public void the_creditor_name_is_aman() {&#10;    // Write code here that turns the phrase above into concrete actions&#10;    throw new io.cucumber.java.PendingException();&#10;}&#10;@Given(&quot;the creditor account number is \&quot;\&quot;{int}\&quot;\&quot;&quot;)&#10;public void the_creditor_account_number_is(Integer int1) {&#10;    // Write code here that turns the phrase above into concrete actions&#10;    throw new io.cucumber.java.PendingException();&#10;}&#10;@Given(&quot;the amount is \&quot;\&quot;{double}\&quot;\&quot;&quot;)&#10;public void the_amount_is(Double double1) {&#10;    // Write code here that turns the phrase above into concrete actions&#10;    throw new io.cucumber.java.PendingException();&#10;}&#10;@Given(&quot;the clearing house name is \&quot;\&quot;RTGS\&quot;\&quot;&quot;)&#10;public void the_clearing_house_name_is_rtgs() {&#10;    // Write code here that turns the phrase above into concrete actions&#10;    throw new io.cucumber.java.PendingException();&#10;}&#10;@Given(&quot;the clearing house status is \&quot;\&quot;ACTIVE\&quot;\&quot;&quot;)&#10;public void the_clearing_house_status_is_active() {&#10;    // Write code here that turns the phrase above into concrete actions&#10;    throw new io.cucumber.java.PendingException();&#10;}&#10;@Then(&quot;check qualification status for debtor account \&quot;\&quot;true\&quot;\&quot; with clearing house \&quot;\&quot;RTGS\&quot;\&quot;, amount \&quot;\&quot;{double}\&quot;\&quot;, creditor name \&quot;\&quot;Aman\&quot;\&quot;, creditor account number \&quot;\&quot;{int}\&quot;\&quot;&quot;)&#10;public void check_qualification_status_for_debtor_account_true_with_clearing_house_rtgs_amount_creditor_name_aman_creditor_account_number(Double double1, Integer int1) {&#10;    // Write code here that turns the phrase above into concrete actions&#10;    throw new io.cucumber.java.PendingException();&#10;}&#10;@Then(&quot;sanction check for creditor \&quot;\&quot;Aman\&quot;\&quot;&quot;)&#10;public void sanction_check_for_creditor_aman() {&#10;    // Write code here that turns the phrase above into concrete actions&#10;    throw new io.cucumber.java.PendingException();&#10;}&#10;@Then(&quot;fraud check for creditor account number \&quot;\&quot;{int}\&quot;\&quot;&quot;)&#10;public void fraud_check_for_creditor_account_number(Integer int1) {&#10;    // Write code here that turns the phrase above into concrete actions&#10;    throw new io.cucumber.java.PendingException();&#10;}&#10;@Then(&quot;funds are available in debtor account \&quot;\&quot;{int}\&quot;\&quot;&quot;)&#10;public void funds_are_available_in_debtor_account(Integer int1) {&#10;    // Write code here that turns the phrase above into concrete actions&#10;    throw new io.cucumber.java.PendingException();&#10;}&#10;@Then(&quot;clearing house check for \&quot;\&quot;RTGS\&quot;\&quot; with status \&quot;\&quot;ACTIVE\&quot;\&quot;&quot;)&#10;public void clearing_house_check_for_rtgs_with_status_active() {&#10;    // Write code here that turns the phrase above into concrete actions&#10;    throw new io.cucumber.java.PendingException();&#10;}&#10;" type="io.cucumber.junit.UndefinedStepException"><![CDATA[io.cucumber.junit.UndefinedStepException: 
The step 'the debtor account is ""true""' and 11 other step(s) are undefined.
You can implement these steps using the snippet(s) below:

@Given("the debtor account is \"\"true\"\"")
public void the_debtor_account_is_true() {
    // Write code here that turns the phrase above into concrete actions
    throw new io.cucumber.java.PendingException();
}
@Given("the debtor account balance is \"\"{double}\"\"")
public void the_debtor_account_balance_is(Double double1) {
    // Write code here that turns the phrase above into concrete actions
    throw new io.cucumber.java.PendingException();
}
@Given("the creditor name is \"\"Aman\"\"")
public void the_creditor_name_is_aman() {
    // Write code here that turns the phrase above into concrete actions
    throw new io.cucumber.java.PendingException();
}
@Given("the creditor account number is \"\"{int}\"\"")
public void the_creditor_account_number_is(Integer int1) {
    // Write code here that turns the phrase above into concrete actions
    throw new io.cucumber.java.PendingException();
}
@Given("the amount is \"\"{double}\"\"")
public void the_amount_is(Double double1) {
    // Write code here that turns the phrase above into concrete actions
    throw new io.cucumber.java.PendingException();
}
@Given("the clearing house name is \"\"RTGS\"\"")
public void the_clearing_house_name_is_rtgs() {
    // Write code here that turns the phrase above into concrete actions
    throw new io.cucumber.java.PendingException();
}
@Given("the clearing house status is \"\"ACTIVE\"\"")
public void the_clearing_house_status_is_active() {
    // Write code here that turns the phrase above into concrete actions
    throw new io.cucumber.java.PendingException();
}
@Then("check qualification status for debtor account \"\"true\"\" with clearing house \"\"RTGS\"\", amount \"\"{double}\"\", creditor name \"\"Aman\"\", creditor account number \"\"{int}\"\"")
public void check_qualification_status_for_debtor_account_true_with_clearing_house_rtgs_amount_creditor_name_aman_creditor_account_number(Double double1, Integer int1) {
    // Write code here that turns the phrase above into concrete actions
    throw new io.cucumber.java.PendingException();
}
@Then("sanction check for creditor \"\"Aman\"\"")
public void sanction_check_for_creditor_aman() {
    // Write code here that turns the phrase above into concrete actions
    throw new io.cucumber.java.PendingException();
}
@Then("fraud check for creditor account number \"\"{int}\"\"")
public void fraud_check_for_creditor_account_number(Integer int1) {
    // Write code here that turns the phrase above into concrete actions
    throw new io.cucumber.java.PendingException();
}
@Then("funds are available in debtor account \"\"{int}\"\"")
public void funds_are_available_in_debtor_account(Integer int1) {
    // Write code here that turns the phrase above into concrete actions
    throw new io.cucumber.java.PendingException();
}
@Then("clearing house check for \"\"RTGS\"\" with status \"\"ACTIVE\"\"")
public void clearing_house_check_for_rtgs_with_status_active() {
    // Write code here that turns the phrase above into concrete actions
    throw new io.cucumber.java.PendingException();
}

]]></error>
    <system-out><![CDATA[
Scenario Outline: End-to-End Payment Processing                                                                                                                                # src/test/java/com/payment_demo/features/payment.feature:32
  Given the sanction list is:                                                                                                                                                  # com.payment_demo.stepDefination.stepDefination.sanctionListIs(io.cucumber.datatable.DataTable)
    | Arpit       |
    | Blacklisted |
    | Terror Org  |
  And the fraud list is:                                                                                                                                                       # com.payment_demo.stepDefination.stepDefination.fraudListIs(io.cucumber.datatable.DataTable)
    | 1234567890 |
    | 9999999999 |
  Given the debtor account is ""true""
  And the debtor account balance is ""4000.00""
  And the creditor name is ""Aman""
  And the creditor account number is ""1234567890""
  And the amount is ""3000.00""
  And the clearing house name is ""RTGS""
  And the clearing house status is ""ACTIVE""
  When the payment is initiated                                                                                                                                                # com.payment_demo.stepDefination.stepDefination.paymentIsInitiated()
  Then check qualification status for debtor account ""true"" with clearing house ""RTGS"", amount ""3000.00"", creditor name ""Aman"", creditor account number ""1234567890""
  Then sanction check for creditor ""Aman""
  Then fraud check for creditor account number ""1234567890""
  Then funds are available in debtor account ""9876543210""
  Then clearing house check for ""RTGS"" with status ""ACTIVE""
  Then transaction status should be evaluated                                                                                                                                  # com.payment_demo.stepDefination.stepDefination.transactionStatus()
]]></system-out>
  </testcase>
  <testcase name="End-to-End Payment Processing #4" classname="End-to-End Payment Processing Workflow" time="0.098">
    <error message="The step &apos;the debtor account is &quot;&quot;true&quot;&quot;&apos; and 11 other step(s) are undefined.&#10;You can implement these steps using the snippet(s) below:&#10;&#10;@Given(&quot;the debtor account is \&quot;\&quot;true\&quot;\&quot;&quot;)&#10;public void the_debtor_account_is_true() {&#10;    // Write code here that turns the phrase above into concrete actions&#10;    throw new io.cucumber.java.PendingException();&#10;}&#10;@Given(&quot;the debtor account balance is \&quot;\&quot;{double}\&quot;\&quot;&quot;)&#10;public void the_debtor_account_balance_is(Double double1) {&#10;    // Write code here that turns the phrase above into concrete actions&#10;    throw new io.cucumber.java.PendingException();&#10;}&#10;@Given(&quot;the creditor name is \&quot;\&quot;Rohit\&quot;\&quot;&quot;)&#10;public void the_creditor_name_is_rohit() {&#10;    // Write code here that turns the phrase above into concrete actions&#10;    throw new io.cucumber.java.PendingException();&#10;}&#10;@Given(&quot;the creditor account number is \&quot;\&quot;{int}\&quot;\&quot;&quot;)&#10;public void the_creditor_account_number_is(Integer int1) {&#10;    // Write code here that turns the phrase above into concrete actions&#10;    throw new io.cucumber.java.PendingException();&#10;}&#10;@Given(&quot;the amount is \&quot;\&quot;{double}\&quot;\&quot;&quot;)&#10;public void the_amount_is(Double double1) {&#10;    // Write code here that turns the phrase above into concrete actions&#10;    throw new io.cucumber.java.PendingException();&#10;}&#10;@Given(&quot;the clearing house name is \&quot;\&quot;IMPS\&quot;\&quot;&quot;)&#10;public void the_clearing_house_name_is_imps() {&#10;    // Write code here that turns the phrase above into concrete actions&#10;    throw new io.cucumber.java.PendingException();&#10;}&#10;@Given(&quot;the clearing house status is \&quot;\&quot;ACTIVE\&quot;\&quot;&quot;)&#10;public void the_clearing_house_status_is_active() {&#10;    // Write code here that turns the phrase above into concrete actions&#10;    throw new io.cucumber.java.PendingException();&#10;}&#10;@Then(&quot;check qualification status for debtor account \&quot;\&quot;true\&quot;\&quot; with clearing house \&quot;\&quot;IMPS\&quot;\&quot;, amount \&quot;\&quot;{double}\&quot;\&quot;, creditor name \&quot;\&quot;Rohit\&quot;\&quot;, creditor account number \&quot;\&quot;{int}\&quot;\&quot;&quot;)&#10;public void check_qualification_status_for_debtor_account_true_with_clearing_house_imps_amount_creditor_name_rohit_creditor_account_number(Double double1, Integer int1) {&#10;    // Write code here that turns the phrase above into concrete actions&#10;    throw new io.cucumber.java.PendingException();&#10;}&#10;@Then(&quot;sanction check for creditor \&quot;\&quot;Rohit\&quot;\&quot;&quot;)&#10;public void sanction_check_for_creditor_rohit() {&#10;    // Write code here that turns the phrase above into concrete actions&#10;    throw new io.cucumber.java.PendingException();&#10;}&#10;@Then(&quot;fraud check for creditor account number \&quot;\&quot;{int}\&quot;\&quot;&quot;)&#10;public void fraud_check_for_creditor_account_number(Integer int1) {&#10;    // Write code here that turns the phrase above into concrete actions&#10;    throw new io.cucumber.java.PendingException();&#10;}&#10;@Then(&quot;funds are available in debtor account \&quot;\&quot;{int}\&quot;\&quot;&quot;)&#10;public void funds_are_available_in_debtor_account(Integer int1) {&#10;    // Write code here that turns the phrase above into concrete actions&#10;    throw new io.cucumber.java.PendingException();&#10;}&#10;@Then(&quot;clearing house check for \&quot;\&quot;IMPS\&quot;\&quot; with status \&quot;\&quot;ACTIVE\&quot;\&quot;&quot;)&#10;public void clearing_house_check_for_imps_with_status_active() {&#10;    // Write code here that turns the phrase above into concrete actions&#10;    throw new io.cucumber.java.PendingException();&#10;}&#10;" type="io.cucumber.junit.UndefinedStepException"><![CDATA[io.cucumber.junit.UndefinedStepException: 
The step 'the debtor account is ""true""' and 11 other step(s) are undefined.
You can implement these steps using the snippet(s) below:

@Given("the debtor account is \"\"true\"\"")
public void the_debtor_account_is_true() {
    // Write code here that turns the phrase above into concrete actions
    throw new io.cucumber.java.PendingException();
}
@Given("the debtor account balance is \"\"{double}\"\"")
public void the_debtor_account_balance_is(Double double1) {
    // Write code here that turns the phrase above into concrete actions
    throw new io.cucumber.java.PendingException();
}
@Given("the creditor name is \"\"Rohit\"\"")
public void the_creditor_name_is_rohit() {
    // Write code here that turns the phrase above into concrete actions
    throw new io.cucumber.java.PendingException();
}
@Given("the creditor account number is \"\"{int}\"\"")
public void the_creditor_account_number_is(Integer int1) {
    // Write code here that turns the phrase above into concrete actions
    throw new io.cucumber.java.PendingException();
}
@Given("the amount is \"\"{double}\"\"")
public void the_amount_is(Double double1) {
    // Write code here that turns the phrase above into concrete actions
    throw new io.cucumber.java.PendingException();
}
@Given("the clearing house name is \"\"IMPS\"\"")
public void the_clearing_house_name_is_imps() {
    // Write code here that turns the phrase above into concrete actions
    throw new io.cucumber.java.PendingException();
}
@Given("the clearing house status is \"\"ACTIVE\"\"")
public void the_clearing_house_status_is_active() {
    // Write code here that turns the phrase above into concrete actions
    throw new io.cucumber.java.PendingException();
}
@Then("check qualification status for debtor account \"\"true\"\" with clearing house \"\"IMPS\"\", amount \"\"{double}\"\", creditor name \"\"Rohit\"\", creditor account number \"\"{int}\"\"")
public void check_qualification_status_for_debtor_account_true_with_clearing_house_imps_amount_creditor_name_rohit_creditor_account_number(Double double1, Integer int1) {
    // Write code here that turns the phrase above into concrete actions
    throw new io.cucumber.java.PendingException();
}
@Then("sanction check for creditor \"\"Rohit\"\"")
public void sanction_check_for_creditor_rohit() {
    // Write code here that turns the phrase above into concrete actions
    throw new io.cucumber.java.PendingException();
}
@Then("fraud check for creditor account number \"\"{int}\"\"")
public void fraud_check_for_creditor_account_number(Integer int1) {
    // Write code here that turns the phrase above into concrete actions
    throw new io.cucumber.java.PendingException();
}
@Then("funds are available in debtor account \"\"{int}\"\"")
public void funds_are_available_in_debtor_account(Integer int1) {
    // Write code here that turns the phrase above into concrete actions
    throw new io.cucumber.java.PendingException();
}
@Then("clearing house check for \"\"IMPS\"\" with status \"\"ACTIVE\"\"")
public void clearing_house_check_for_imps_with_status_active() {
    // Write code here that turns the phrase above into concrete actions
    throw new io.cucumber.java.PendingException();
}

]]></error>
    <system-out><![CDATA[
Scenario Outline: End-to-End Payment Processing                                                                                                                                # src/test/java/com/payment_demo/features/payment.feature:33
  Given the sanction list is:                                                                                                                                                  # com.payment_demo.stepDefination.stepDefination.sanctionListIs(io.cucumber.datatable.DataTable)
    | Arpit       |
    | Blacklisted |
    | Terror Org  |
  And the fraud list is:                                                                                                                                                       # com.payment_demo.stepDefination.stepDefination.fraudListIs(io.cucumber.datatable.DataTable)
    | 1234567890 |
    | 9999999999 |
  Given the debtor account is ""true""
  And the debtor account balance is ""100.00""
  And the creditor name is ""Rohit""
  And the creditor account number is ""1010101010""
  And the amount is ""500.00""
  And the clearing house name is ""IMPS""
  And the clearing house status is ""ACTIVE""
  When the payment is initiated                                                                                                                                                # com.payment_demo.stepDefination.stepDefination.paymentIsInitiated()
  Then check qualification status for debtor account ""true"" with clearing house ""IMPS"", amount ""500.00"", creditor name ""Rohit"", creditor account number ""1010101010""
  Then sanction check for creditor ""Rohit""
  Then fraud check for creditor account number ""1010101010""
  Then funds are available in debtor account ""9876543210""
  Then clearing house check for ""IMPS"" with status ""ACTIVE""
  Then transaction status should be evaluated                                                                                                                                  # com.payment_demo.stepDefination.stepDefination.transactionStatus()
]]></system-out>
  </testcase>
  <testcase name="End-to-End Payment Processing #5" classname="End-to-End Payment Processing Workflow" time="0.062">
    <error message="The step &apos;the debtor account is &quot;&quot;false&quot;&quot;&apos; and 11 other step(s) are undefined.&#10;You can implement these steps using the snippet(s) below:&#10;&#10;@Given(&quot;the debtor account is \&quot;\&quot;false\&quot;\&quot;&quot;)&#10;public void the_debtor_account_is_false() {&#10;    // Write code here that turns the phrase above into concrete actions&#10;    throw new io.cucumber.java.PendingException();&#10;}&#10;@Given(&quot;the debtor account balance is \&quot;\&quot;{double}\&quot;\&quot;&quot;)&#10;public void the_debtor_account_balance_is(Double double1) {&#10;    // Write code here that turns the phrase above into concrete actions&#10;    throw new io.cucumber.java.PendingException();&#10;}&#10;@Given(&quot;the creditor name is \&quot;\&quot;Dev\&quot;\&quot;&quot;)&#10;public void the_creditor_name_is_dev() {&#10;    // Write code here that turns the phrase above into concrete actions&#10;    throw new io.cucumber.java.PendingException();&#10;}&#10;@Given(&quot;the creditor account number is \&quot;\&quot;{int}\&quot;\&quot;&quot;)&#10;public void the_creditor_account_number_is(Integer int1) {&#10;    // Write code here that turns the phrase above into concrete actions&#10;    throw new io.cucumber.java.PendingException();&#10;}&#10;@Given(&quot;the amount is \&quot;\&quot;{double}\&quot;\&quot;&quot;)&#10;public void the_amount_is(Double double1) {&#10;    // Write code here that turns the phrase above into concrete actions&#10;    throw new io.cucumber.java.PendingException();&#10;}&#10;@Given(&quot;the clearing house name is \&quot;\&quot;NEFT\&quot;\&quot;&quot;)&#10;public void the_clearing_house_name_is_neft() {&#10;    // Write code here that turns the phrase above into concrete actions&#10;    throw new io.cucumber.java.PendingException();&#10;}&#10;@Given(&quot;the clearing house status is \&quot;\&quot;INACTIVE\&quot;\&quot;&quot;)&#10;public void the_clearing_house_status_is_inactive() {&#10;    // Write code here that turns the phrase above into concrete actions&#10;    throw new io.cucumber.java.PendingException();&#10;}&#10;@Then(&quot;check qualification status for debtor account \&quot;\&quot;false\&quot;\&quot; with clearing house \&quot;\&quot;NEFT\&quot;\&quot;, amount \&quot;\&quot;{double}\&quot;\&quot;, creditor name \&quot;\&quot;Dev\&quot;\&quot;, creditor account number \&quot;\&quot;{int}\&quot;\&quot;&quot;)&#10;public void check_qualification_status_for_debtor_account_false_with_clearing_house_neft_amount_creditor_name_dev_creditor_account_number(Double double1, Integer int1) {&#10;    // Write code here that turns the phrase above into concrete actions&#10;    throw new io.cucumber.java.PendingException();&#10;}&#10;@Then(&quot;sanction check for creditor \&quot;\&quot;Dev\&quot;\&quot;&quot;)&#10;public void sanction_check_for_creditor_dev() {&#10;    // Write code here that turns the phrase above into concrete actions&#10;    throw new io.cucumber.java.PendingException();&#10;}&#10;@Then(&quot;fraud check for creditor account number \&quot;\&quot;{int}\&quot;\&quot;&quot;)&#10;public void fraud_check_for_creditor_account_number(Integer int1) {&#10;    // Write code here that turns the phrase above into concrete actions&#10;    throw new io.cucumber.java.PendingException();&#10;}&#10;@Then(&quot;funds are available in debtor account \&quot;\&quot;{int}\&quot;\&quot;&quot;)&#10;public void funds_are_available_in_debtor_account(Integer int1) {&#10;    // Write code here that turns the phrase above into concrete actions&#10;    throw new io.cucumber.java.PendingException();&#10;}&#10;@Then(&quot;clearing house check for \&quot;\&quot;NEFT\&quot;\&quot; with status \&quot;\&quot;INACTIVE\&quot;\&quot;&quot;)&#10;public void clearing_house_check_for_neft_with_status_inactive() {&#10;    // Write code here that turns the phrase above into concrete actions&#10;    throw new io.cucumber.java.PendingException();&#10;}&#10;" type="io.cucumber.junit.UndefinedStepException"><![CDATA[io.cucumber.junit.UndefinedStepException: 
The step 'the debtor account is ""false""' and 11 other step(s) are undefined.
You can implement these steps using the snippet(s) below:

@Given("the debtor account is \"\"false\"\"")
public void the_debtor_account_is_false() {
    // Write code here that turns the phrase above into concrete actions
    throw new io.cucumber.java.PendingException();
}
@Given("the debtor account balance is \"\"{double}\"\"")
public void the_debtor_account_balance_is(Double double1) {
    // Write code here that turns the phrase above into concrete actions
    throw new io.cucumber.java.PendingException();
}
@Given("the creditor name is \"\"Dev\"\"")
public void the_creditor_name_is_dev() {
    // Write code here that turns the phrase above into concrete actions
    throw new io.cucumber.java.PendingException();
}
@Given("the creditor account number is \"\"{int}\"\"")
public void the_creditor_account_number_is(Integer int1) {
    // Write code here that turns the phrase above into concrete actions
    throw new io.cucumber.java.PendingException();
}
@Given("the amount is \"\"{double}\"\"")
public void the_amount_is(Double double1) {
    // Write code here that turns the phrase above into concrete actions
    throw new io.cucumber.java.PendingException();
}
@Given("the clearing house name is \"\"NEFT\"\"")
public void the_clearing_house_name_is_neft() {
    // Write code here that turns the phrase above into concrete actions
    throw new io.cucumber.java.PendingException();
}
@Given("the clearing house status is \"\"INACTIVE\"\"")
public void the_clearing_house_status_is_inactive() {
    // Write code here that turns the phrase above into concrete actions
    throw new io.cucumber.java.PendingException();
}
@Then("check qualification status for debtor account \"\"false\"\" with clearing house \"\"NEFT\"\", amount \"\"{double}\"\", creditor name \"\"Dev\"\", creditor account number \"\"{int}\"\"")
public void check_qualification_status_for_debtor_account_false_with_clearing_house_neft_amount_creditor_name_dev_creditor_account_number(Double double1, Integer int1) {
    // Write code here that turns the phrase above into concrete actions
    throw new io.cucumber.java.PendingException();
}
@Then("sanction check for creditor \"\"Dev\"\"")
public void sanction_check_for_creditor_dev() {
    // Write code here that turns the phrase above into concrete actions
    throw new io.cucumber.java.PendingException();
}
@Then("fraud check for creditor account number \"\"{int}\"\"")
public void fraud_check_for_creditor_account_number(Integer int1) {
    // Write code here that turns the phrase above into concrete actions
    throw new io.cucumber.java.PendingException();
}
@Then("funds are available in debtor account \"\"{int}\"\"")
public void funds_are_available_in_debtor_account(Integer int1) {
    // Write code here that turns the phrase above into concrete actions
    throw new io.cucumber.java.PendingException();
}
@Then("clearing house check for \"\"NEFT\"\" with status \"\"INACTIVE\"\"")
public void clearing_house_check_for_neft_with_status_inactive() {
    // Write code here that turns the phrase above into concrete actions
    throw new io.cucumber.java.PendingException();
}

]]></error>
    <system-out><![CDATA[
Scenario Outline: End-to-End Payment Processing                                                                                                                               # src/test/java/com/payment_demo/features/payment.feature:34
  Given the sanction list is:                                                                                                                                                 # com.payment_demo.stepDefination.stepDefination.sanctionListIs(io.cucumber.datatable.DataTable)
    | Arpit       |
    | Blacklisted |
    | Terror Org  |
  And the fraud list is:                                                                                                                                                      # com.payment_demo.stepDefination.stepDefination.fraudListIs(io.cucumber.datatable.DataTable)
    | 1234567890 |
    | 9999999999 |
  Given the debtor account is ""false""
  And the debtor account balance is ""3000.00""
  And the creditor name is ""Dev""
  And the creditor account number is ""2020202020""
  And the amount is ""200.00""
  And the clearing house name is ""NEFT""
  And the clearing house status is ""INACTIVE""
  When the payment is initiated                                                                                                                                               # com.payment_demo.stepDefination.stepDefination.paymentIsInitiated()
  Then check qualification status for debtor account ""false"" with clearing house ""NEFT"", amount ""200.00"", creditor name ""Dev"", creditor account number ""2020202020""
  Then sanction check for creditor ""Dev""
  Then fraud check for creditor account number ""2020202020""
  Then funds are available in debtor account ""9876543210""
  Then clearing house check for ""NEFT"" with status ""INACTIVE""
  Then transaction status should be evaluated                                                                                                                                 # com.payment_demo.stepDefination.stepDefination.transactionStatus()
]]></system-out>
  </testcase>
  <testcase name="End-to-End Payment Processing #6" classname="End-to-End Payment Processing Workflow" time="0.05">
    <error message="The step &apos;the debtor account is &quot;&quot;true&quot;&quot;&apos; and 11 other step(s) are undefined.&#10;You can implement these steps using the snippet(s) below:&#10;&#10;@Given(&quot;the debtor account is \&quot;\&quot;true\&quot;\&quot;&quot;)&#10;public void the_debtor_account_is_true() {&#10;    // Write code here that turns the phrase above into concrete actions&#10;    throw new io.cucumber.java.PendingException();&#10;}&#10;@Given(&quot;the debtor account balance is \&quot;\&quot;{double}\&quot;\&quot;&quot;)&#10;public void the_debtor_account_balance_is(Double double1) {&#10;    // Write code here that turns the phrase above into concrete actions&#10;    throw new io.cucumber.java.PendingException();&#10;}&#10;@Given(&quot;the creditor name is \&quot;\&quot;Suresh\&quot;\&quot;&quot;)&#10;public void the_creditor_name_is_suresh() {&#10;    // Write code here that turns the phrase above into concrete actions&#10;    throw new io.cucumber.java.PendingException();&#10;}&#10;@Given(&quot;the creditor account number is \&quot;\&quot;{int}\&quot;\&quot;&quot;)&#10;public void the_creditor_account_number_is(Integer int1) {&#10;    // Write code here that turns the phrase above into concrete actions&#10;    throw new io.cucumber.java.PendingException();&#10;}&#10;@Given(&quot;the amount is \&quot;\&quot;{double}\&quot;\&quot;&quot;)&#10;public void the_amount_is(Double double1) {&#10;    // Write code here that turns the phrase above into concrete actions&#10;    throw new io.cucumber.java.PendingException();&#10;}&#10;@Given(&quot;the clearing house name is \&quot;\&quot;RTGS\&quot;\&quot;&quot;)&#10;public void the_clearing_house_name_is_rtgs() {&#10;    // Write code here that turns the phrase above into concrete actions&#10;    throw new io.cucumber.java.PendingException();&#10;}&#10;@Given(&quot;the clearing house status is \&quot;\&quot;INACTIVE\&quot;\&quot;&quot;)&#10;public void the_clearing_house_status_is_inactive() {&#10;    // Write code here that turns the phrase above into concrete actions&#10;    throw new io.cucumber.java.PendingException();&#10;}&#10;@Then(&quot;check qualification status for debtor account \&quot;\&quot;true\&quot;\&quot; with clearing house \&quot;\&quot;RTGS\&quot;\&quot;, amount \&quot;\&quot;{double}\&quot;\&quot;, creditor name \&quot;\&quot;Suresh\&quot;\&quot;, creditor account number \&quot;\&quot;{int}\&quot;\&quot;&quot;)&#10;public void check_qualification_status_for_debtor_account_true_with_clearing_house_rtgs_amount_creditor_name_suresh_creditor_account_number(Double double1, Integer int1) {&#10;    // Write code here that turns the phrase above into concrete actions&#10;    throw new io.cucumber.java.PendingException();&#10;}&#10;@Then(&quot;sanction check for creditor \&quot;\&quot;Suresh\&quot;\&quot;&quot;)&#10;public void sanction_check_for_creditor_suresh() {&#10;    // Write code here that turns the phrase above into concrete actions&#10;    throw new io.cucumber.java.PendingException();&#10;}&#10;@Then(&quot;fraud check for creditor account number \&quot;\&quot;{int}\&quot;\&quot;&quot;)&#10;public void fraud_check_for_creditor_account_number(Integer int1) {&#10;    // Write code here that turns the phrase above into concrete actions&#10;    throw new io.cucumber.java.PendingException();&#10;}&#10;@Then(&quot;funds are available in debtor account \&quot;\&quot;{int}\&quot;\&quot;&quot;)&#10;public void funds_are_available_in_debtor_account(Integer int1) {&#10;    // Write code here that turns the phrase above into concrete actions&#10;    throw new io.cucumber.java.PendingException();&#10;}&#10;@Then(&quot;clearing house check for \&quot;\&quot;RTGS\&quot;\&quot; with status \&quot;\&quot;INACTIVE\&quot;\&quot;&quot;)&#10;public void clearing_house_check_for_rtgs_with_status_inactive() {&#10;    // Write code here that turns the phrase above into concrete actions&#10;    throw new io.cucumber.java.PendingException();&#10;}&#10;" type="io.cucumber.junit.UndefinedStepException"><![CDATA[io.cucumber.junit.UndefinedStepException: 
The step 'the debtor account is ""true""' and 11 other step(s) are undefined.
You can implement these steps using the snippet(s) below:

@Given("the debtor account is \"\"true\"\"")
public void the_debtor_account_is_true() {
    // Write code here that turns the phrase above into concrete actions
    throw new io.cucumber.java.PendingException();
}
@Given("the debtor account balance is \"\"{double}\"\"")
public void the_debtor_account_balance_is(Double double1) {
    // Write code here that turns the phrase above into concrete actions
    throw new io.cucumber.java.PendingException();
}
@Given("the creditor name is \"\"Suresh\"\"")
public void the_creditor_name_is_suresh() {
    // Write code here that turns the phrase above into concrete actions
    throw new io.cucumber.java.PendingException();
}
@Given("the creditor account number is \"\"{int}\"\"")
public void the_creditor_account_number_is(Integer int1) {
    // Write code here that turns the phrase above into concrete actions
    throw new io.cucumber.java.PendingException();
}
@Given("the amount is \"\"{double}\"\"")
public void the_amount_is(Double double1) {
    // Write code here that turns the phrase above into concrete actions
    throw new io.cucumber.java.PendingException();
}
@Given("the clearing house name is \"\"RTGS\"\"")
public void the_clearing_house_name_is_rtgs() {
    // Write code here that turns the phrase above into concrete actions
    throw new io.cucumber.java.PendingException();
}
@Given("the clearing house status is \"\"INACTIVE\"\"")
public void the_clearing_house_status_is_inactive() {
    // Write code here that turns the phrase above into concrete actions
    throw new io.cucumber.java.PendingException();
}
@Then("check qualification status for debtor account \"\"true\"\" with clearing house \"\"RTGS\"\", amount \"\"{double}\"\", creditor name \"\"Suresh\"\", creditor account number \"\"{int}\"\"")
public void check_qualification_status_for_debtor_account_true_with_clearing_house_rtgs_amount_creditor_name_suresh_creditor_account_number(Double double1, Integer int1) {
    // Write code here that turns the phrase above into concrete actions
    throw new io.cucumber.java.PendingException();
}
@Then("sanction check for creditor \"\"Suresh\"\"")
public void sanction_check_for_creditor_suresh() {
    // Write code here that turns the phrase above into concrete actions
    throw new io.cucumber.java.PendingException();
}
@Then("fraud check for creditor account number \"\"{int}\"\"")
public void fraud_check_for_creditor_account_number(Integer int1) {
    // Write code here that turns the phrase above into concrete actions
    throw new io.cucumber.java.PendingException();
}
@Then("funds are available in debtor account \"\"{int}\"\"")
public void funds_are_available_in_debtor_account(Integer int1) {
    // Write code here that turns the phrase above into concrete actions
    throw new io.cucumber.java.PendingException();
}
@Then("clearing house check for \"\"RTGS\"\" with status \"\"INACTIVE\"\"")
public void clearing_house_check_for_rtgs_with_status_inactive() {
    // Write code here that turns the phrase above into concrete actions
    throw new io.cucumber.java.PendingException();
}

]]></error>
    <system-out><![CDATA[
Scenario Outline: End-to-End Payment Processing                                                                                                                                  # src/test/java/com/payment_demo/features/payment.feature:35
  Given the sanction list is:                                                                                                                                                    # com.payment_demo.stepDefination.stepDefination.sanctionListIs(io.cucumber.datatable.DataTable)
    | Arpit       |
    | Blacklisted |
    | Terror Org  |
  And the fraud list is:                                                                                                                                                         # com.payment_demo.stepDefination.stepDefination.fraudListIs(io.cucumber.datatable.DataTable)
    | 1234567890 |
    | 9999999999 |
  Given the debtor account is ""true""
  And the debtor account balance is ""5000.00""
  And the creditor name is ""Suresh""
  And the creditor account number is ""1111111111""
  And the amount is ""1000.00""
  And the clearing house name is ""RTGS""
  And the clearing house status is ""INACTIVE""
  When the payment is initiated                                                                                                                                                  # com.payment_demo.stepDefination.stepDefination.paymentIsInitiated()
  Then check qualification status for debtor account ""true"" with clearing house ""RTGS"", amount ""1000.00"", creditor name ""Suresh"", creditor account number ""1111111111""
  Then sanction check for creditor ""Suresh""
  Then fraud check for creditor account number ""1111111111""
  Then funds are available in debtor account ""9876543210""
  Then clearing house check for ""RTGS"" with status ""INACTIVE""
  Then transaction status should be evaluated                                                                                                                                    # com.payment_demo.stepDefination.stepDefination.transactionStatus()
]]></system-out>
  </testcase>
</testsuite>