<?xml version="1.0" encoding="UTF-8"?>
<testsuite xmlns:xsi="http://www.w3.org/2001/XMLSchema-instance" xsi:noNamespaceSchemaLocation="https://maven.apache.org/surefire/maven-surefire-plugin/xsd/surefire-test-report-3.0.xsd" version="3.0" name="com.payment_demo.runners.TestRunner" time="4.453" tests="5" errors="0" skipped="0" failures="4">
  <properties>
[...]
</properties>
  <testcase name="Process payment with various flow conditions #1" classname="Basic Payment Flow with Validations" time="0.563">
    <system-out><![CDATA[
Scenario Outline: Process payment with various flow conditions # src/test/java/com/payment_demo/features/payment.feature:25
  Given the sanction list is:                                  # com.payment_demo.stepDefination.stepDefination.theSanctionListIs(io.cucumber.datatable.DataTable)
    | John Doe   |
    | BannedUser |
  And the fraud list is:                                       # com.payment_demo.stepDefination.stepDefination.theFraudListIs(io.cucumber.datatable.DataTable)
    | 1234567890 |
    | 9876543210 |
  Given the debtor account is "active"                         # com.payment_demo.stepDefination.stepDefination.theDebtorAccountIs(java.lang.String)
  And the debtor account balance is "10000"                    # com.payment_demo.stepDefination.stepDefination.theDebtorAccountBalanceIs(java.lang.String)
  And the transfer amount is "5000"                            # com.payment_demo.stepDefination.stepDefination.theTransferAmountIs(java.lang.String)
  And the creditor name is "Alice Kumar"                       # com.payment_demo.stepDefination.stepDefination.theCreditorNameIs(java.lang.String)
  And the creditor account number is "1111222233"              # com.payment_demo.stepDefination.stepDefination.theCreditorAccountNumberIs(java.lang.String)
  When the payment is initiated                                # com.payment_demo.stepDefination.stepDefination.thePaymentIsInitiated()
  Then perform sanction check                                  # com.payment_demo.stepDefination.stepDefination.performSanctionCheck()
  Then perform fraud check                                     # com.payment_demo.stepDefination.stepDefination.performFraudCheck()
  Then perform fund check                                      # com.payment_demo.stepDefination.stepDefination.performFundCheck()
✅ Transaction completed successfully.
  Then evaluate transaction status                             # com.payment_demo.stepDefination.stepDefination.evaluateTransactionStatus()
]]></system-out>
  </testcase>
  <testcase name="Process payment with various flow conditions #2" classname="Basic Payment Flow with Validations" time="0.112">
    <failure message="Debtor account is not active" type="java.lang.AssertionError"><![CDATA[java.lang.AssertionError: Debtor account is not active
	at org.junit.Assert.fail(Assert.java:89)
	at com.payment_demo.stepDefination.stepDefination.thePaymentIsInitiated(stepDefination.java:66)
	at ✽.the payment is initiated(file:///C:/Users/arpit/Desktop/Desktop/payment_demo/payment_demo/src/test/java/com/payment_demo/features/payment.feature:17)
]]></failure>
    <system-out><![CDATA[
Scenario Outline: Process payment with various flow conditions # src/test/java/com/payment_demo/features/payment.feature:26
  Given the sanction list is:                                  # com.payment_demo.stepDefination.stepDefination.theSanctionListIs(io.cucumber.datatable.DataTable)
    | John Doe   |
    | BannedUser |
  And the fraud list is:                                       # com.payment_demo.stepDefination.stepDefination.theFraudListIs(io.cucumber.datatable.DataTable)
    | 1234567890 |
    | 9876543210 |
  Given the debtor account is "inactive"                       # com.payment_demo.stepDefination.stepDefination.theDebtorAccountIs(java.lang.String)
  And the debtor account balance is "10000"                    # com.payment_demo.stepDefination.stepDefination.theDebtorAccountBalanceIs(java.lang.String)
  And the transfer amount is "5000"                            # com.payment_demo.stepDefination.stepDefination.theTransferAmountIs(java.lang.String)
  And the creditor name is "Alice Kumar"                       # com.payment_demo.stepDefination.stepDefination.theCreditorNameIs(java.lang.String)
  And the creditor account number is "1111222233"              # com.payment_demo.stepDefination.stepDefination.theCreditorAccountNumberIs(java.lang.String)
  When the payment is initiated                                # com.payment_demo.stepDefination.stepDefination.thePaymentIsInitiated()
      java.lang.AssertionError: Debtor account is not active
	at org.junit.Assert.fail(Assert.java:89)
	at com.payment_demo.stepDefination.stepDefination.thePaymentIsInitiated(stepDefination.java:66)
	at ✽.the payment is initiated(file:///C:/Users/arpit/Desktop/Desktop/payment_demo/payment_demo/src/test/java/com/payment_demo/features/payment.feature:17)

  Then perform sanction check                                  # com.payment_demo.stepDefination.stepDefination.performSanctionCheck()
  Then perform fraud check                                     # com.payment_demo.stepDefination.stepDefination.performFraudCheck()
  Then perform fund check                                      # com.payment_demo.stepDefination.stepDefination.performFundCheck()
  Then evaluate transaction status                             # com.payment_demo.stepDefination.stepDefination.evaluateTransactionStatus()
]]></system-out>
  </testcase>
  <testcase name="Process payment with various flow conditions #3" classname="Basic Payment Flow with Validations" time="0.131">
    <failure message="Sanction check failed for John Doe" type="java.lang.AssertionError"><![CDATA[java.lang.AssertionError: Sanction check failed for John Doe
	at org.junit.Assert.fail(Assert.java:89)
	at com.payment_demo.stepDefination.stepDefination.performSanctionCheck(stepDefination.java:82)
	at ✽.perform sanction check(file:///C:/Users/arpit/Desktop/Desktop/payment_demo/payment_demo/src/test/java/com/payment_demo/features/payment.feature:18)
]]></failure>
    <system-out><![CDATA[
Scenario Outline: Process payment with various flow conditions # src/test/java/com/payment_demo/features/payment.feature:27
  Given the sanction list is:                                  # com.payment_demo.stepDefination.stepDefination.theSanctionListIs(io.cucumber.datatable.DataTable)
    | John Doe   |
    | BannedUser |
  And the fraud list is:                                       # com.payment_demo.stepDefination.stepDefination.theFraudListIs(io.cucumber.datatable.DataTable)
    | 1234567890 |
    | 9876543210 |
  Given the debtor account is "active"                         # com.payment_demo.stepDefination.stepDefination.theDebtorAccountIs(java.lang.String)
  And the debtor account balance is "8000"                     # com.payment_demo.stepDefination.stepDefination.theDebtorAccountBalanceIs(java.lang.String)
  And the transfer amount is "2000"                            # com.payment_demo.stepDefination.stepDefination.theTransferAmountIs(java.lang.String)
  And the creditor name is "John Doe"                          # com.payment_demo.stepDefination.stepDefination.theCreditorNameIs(java.lang.String)
  And the creditor account number is "1111222233"              # com.payment_demo.stepDefination.stepDefination.theCreditorAccountNumberIs(java.lang.String)
  When the payment is initiated                                # com.payment_demo.stepDefination.stepDefination.thePaymentIsInitiated()
  Then perform sanction check                                  # com.payment_demo.stepDefination.stepDefination.performSanctionCheck()
      java.lang.AssertionError: Sanction check failed for John Doe
	at org.junit.Assert.fail(Assert.java:89)
	at com.payment_demo.stepDefination.stepDefination.performSanctionCheck(stepDefination.java:82)
	at ✽.perform sanction check(file:///C:/Users/arpit/Desktop/Desktop/payment_demo/payment_demo/src/test/java/com/payment_demo/features/payment.feature:18)

  Then perform fraud check                                     # com.payment_demo.stepDefination.stepDefination.performFraudCheck()
  Then perform fund check                                      # com.payment_demo.stepDefination.stepDefination.performFundCheck()
  Then evaluate transaction status                             # com.payment_demo.stepDefination.stepDefination.evaluateTransactionStatus()
]]></system-out>
  </testcase>
  <testcase name="Process payment with various flow conditions #4" classname="Basic Payment Flow with Validations" time="0.098">
    <failure message="Fraud detected for account: 1234567890" type="java.lang.AssertionError"><![CDATA[java.lang.AssertionError: Fraud detected for account: 1234567890
	at org.junit.Assert.fail(Assert.java:89)
	at com.payment_demo.stepDefination.stepDefination.performFraudCheck(stepDefination.java:98)
	at ✽.perform fraud check(file:///C:/Users/arpit/Desktop/Desktop/payment_demo/payment_demo/src/test/java/com/payment_demo/features/payment.feature:19)
]]></failure>
    <system-out><![CDATA[
Scenario Outline: Process payment with various flow conditions # src/test/java/com/payment_demo/features/payment.feature:28
  Given the sanction list is:                                  # com.payment_demo.stepDefination.stepDefination.theSanctionListIs(io.cucumber.datatable.DataTable)
    | John Doe   |
    | BannedUser |
  And the fraud list is:                                       # com.payment_demo.stepDefination.stepDefination.theFraudListIs(io.cucumber.datatable.DataTable)
    | 1234567890 |
    | 9876543210 |
  Given the debtor account is "active"                         # com.payment_demo.stepDefination.stepDefination.theDebtorAccountIs(java.lang.String)
  And the debtor account balance is "9000"                     # com.payment_demo.stepDefination.stepDefination.theDebtorAccountBalanceIs(java.lang.String)
  And the transfer amount is "1000"                            # com.payment_demo.stepDefination.stepDefination.theTransferAmountIs(java.lang.String)
  And the creditor name is "Alice Kumar"                       # com.payment_demo.stepDefination.stepDefination.theCreditorNameIs(java.lang.String)
  And the creditor account number is "1234567890"              # com.payment_demo.stepDefination.stepDefination.theCreditorAccountNumberIs(java.lang.String)
  When the payment is initiated                                # com.payment_demo.stepDefination.stepDefination.thePaymentIsInitiated()
  Then perform sanction check                                  # com.payment_demo.stepDefination.stepDefination.performSanctionCheck()
  Then perform fraud check                                     # com.payment_demo.stepDefination.stepDefination.performFraudCheck()
      java.lang.AssertionError: Fraud detected for account: 1234567890
	at org.junit.Assert.fail(Assert.java:89)
	at com.payment_demo.stepDefination.stepDefination.performFraudCheck(stepDefination.java:98)
	at ✽.perform fraud check(file:///C:/Users/arpit/Desktop/Desktop/payment_demo/payment_demo/src/test/java/com/payment_demo/features/payment.feature:19)

  Then perform fund check                                      # com.payment_demo.stepDefination.stepDefination.performFundCheck()
  Then evaluate transaction status                             # com.payment_demo.stepDefination.stepDefination.evaluateTransactionStatus()
]]></system-out>
  </testcase>
  <testcase name="Process payment with various flow conditions #5" classname="Basic Payment Flow with Validations" time="0.211">
    <failure message="Insufficient funds" type="java.lang.AssertionError"><![CDATA[java.lang.AssertionError: Insufficient funds
	at org.junit.Assert.fail(Assert.java:89)
	at com.payment_demo.stepDefination.stepDefination.performFundCheck(stepDefination.java:116)
	at ✽.perform fund check(file:///C:/Users/arpit/Desktop/Desktop/payment_demo/payment_demo/src/test/java/com/payment_demo/features/payment.feature:20)
]]></failure>
    <system-out><![CDATA[
Scenario Outline: Process payment with various flow conditions # src/test/java/com/payment_demo/features/payment.feature:29
  Given the sanction list is:                                  # com.payment_demo.stepDefination.stepDefination.theSanctionListIs(io.cucumber.datatable.DataTable)
    | John Doe   |
    | BannedUser |
  And the fraud list is:                                       # com.payment_demo.stepDefination.stepDefination.theFraudListIs(io.cucumber.datatable.DataTable)
    | 1234567890 |
    | 9876543210 |
  Given the debtor account is "active"                         # com.payment_demo.stepDefination.stepDefination.theDebtorAccountIs(java.lang.String)
  And the debtor account balance is "4000"                     # com.payment_demo.stepDefination.stepDefination.theDebtorAccountBalanceIs(java.lang.String)
  And the transfer amount is "5000"                            # com.payment_demo.stepDefination.stepDefination.theTransferAmountIs(java.lang.String)
  And the creditor name is "Alice Kumar"                       # com.payment_demo.stepDefination.stepDefination.theCreditorNameIs(java.lang.String)
  And the creditor account number is "1111222233"              # com.payment_demo.stepDefination.stepDefination.theCreditorAccountNumberIs(java.lang.String)
  When the payment is initiated                                # com.payment_demo.stepDefination.stepDefination.thePaymentIsInitiated()
  Then perform sanction check                                  # com.payment_demo.stepDefination.stepDefination.performSanctionCheck()
  Then perform fraud check                                     # com.payment_demo.stepDefination.stepDefination.performFraudCheck()
  Then perform fund check                                      # com.payment_demo.stepDefination.stepDefination.performFundCheck()
      java.lang.AssertionError: Insufficient funds
	at org.junit.Assert.fail(Assert.java:89)
	at com.payment_demo.stepDefination.stepDefination.performFundCheck(stepDefination.java:116)
	at ✽.perform fund check(file:///C:/Users/arpit/Desktop/Desktop/payment_demo/payment_demo/src/test/java/com/payment_demo/features/payment.feature:20)

  Then evaluate transaction status                             # com.payment_demo.stepDefination.stepDefination.evaluateTransactionStatus()
]]></system-out>
  </testcase>
</testsuite>